#
# A fatal error has been detected by the Java Runtime Environment:
#
#  EXCEPTION_ACCESS_VIOLATION (0xc0000005) at pc=0x00007ff87bc99b5b, pid=10096, tid=12876
#
# JRE version: Java(TM) SE Runtime Environment (13.0.1+9) (build 13.0.1+9)
# Java VM: Java HotSpot(TM) 64-Bit Server VM (13.0.1+9, mixed mode, sharing, tiered, compressed oops, g1 gc, windows-amd64)
# Problematic frame:
# V  [jvm.dll+0x6a9b5b]
#
# No core dump will be written. Minidumps are not enabled by default on client versions of Windows
#
# If you would like to submit a bug report, please visit:
#   http://bugreport.java.com/bugreport/crash.jsp
#

---------------  S U M M A R Y ------------

Command Line: -agentlib:jdwp=transport=dt_socket,suspend=y,address=localhost:53519 -javaagent:C:\Users\Cristian\eclipse\java-2019-09\eclipse\configuration\org.eclipse.osgi\229\0\.cp\lib\javaagent-shaded.jar -Dfile.encoding=Cp1252 Restaurant1

Host: Intel(R) Core(TM) i5-7300HQ CPU @ 2.50GHz, 4 cores, 7G,  Windows 10 , 64 bit Build 18362 (10.0.18362.329)
Time: Tue Dec 10 11:23:43 2019 Hora estándar romance elapsed time: 5758 seconds (0d 1h 35m 58s)

---------------  T H R E A D  ---------------

Current thread (0x000001e85a708000):  JavaThread "JDWP Transport Listener: dt_socket" daemon [_thread_in_vm, id=12876, stack(0x0000002ffde00000,0x0000002ffdf00000)] _threads_hazard_ptr=0x000001e85a8161b0

Stack: [0x0000002ffde00000,0x0000002ffdf00000],  sp=0x0000002ffdefe2c0,  free space=1016k
Native frames: (J=compiled Java code, j=interpreted, Vv=VM code, C=native code)
V  [jvm.dll+0x6a9b5b]
V  [jvm.dll+0x331b03]
V  [jvm.dll+0x3337f5]
V  [jvm.dll+0x3340ee]
V  [jvm.dll+0x33195c]
V  [jvm.dll+0x330b92]
V  [jvm.dll+0x6160a5]
V  [jvm.dll+0x615e2d]
V  [jvm.dll+0x5df993]
V  [jvm.dll+0x76a37f]
V  [jvm.dll+0x4f8226]
V  [jvm.dll+0x77963d]
V  [jvm.dll+0x4de2fe]
V  [jvm.dll+0x4a2b10]
C  [jdwp.dll+0x7bbc]


siginfo: EXCEPTION_ACCESS_VIOLATION (0xc0000005), reading address 0x0000000000000006


Register to memory mapping:

RIP=0x00007ff87bc99b5b jvm.dll
RAX=0x0000002ffdefe350 is pointing into the stack for thread: 0x000001e85a708000
RBX=0x0000002ffdefe320 is pointing into the stack for thread: 0x000001e85a708000
RCX=0x0 is NULL
RDX=0x0 is NULL
RSP=0x0000002ffdefe2c0 is pointing into the stack for thread: 0x000001e85a708000
RBP=0x0000002ffdefe860 is pointing into the stack for thread: 0x000001e85a708000
RSI=0x0 is NULL
RDI=0x0 is NULL
R8 =0x0 is NULL
R9 =0x000001e85a0b42f8 is pointing into metadata
R10=0x00007ff87b5f0000 jvm.dll
R11=0x0000002ffdefe780 is pointing into the stack for thread: 0x000001e85a708000
R12=0x000001e85a749988 points into unknown readable memory: 00 f2 ad 89 04 01 00 00
R13=0x0000000000000078 is an unknown value
R14=0x000001e85a0b4a2a is pointing into metadata
R15=0x0000000000000160 is an unknown value


Registers:
RAX=0x0000002ffdefe350, RBX=0x0000002ffdefe320, RCX=0x0000000000000000, RDX=0x0000000000000000
RSP=0x0000002ffdefe2c0, RBP=0x0000002ffdefe860, RSI=0x0000000000000000, RDI=0x0000000000000000
R8 =0x0000000000000000, R9 =0x000001e85a0b42f8, R10=0x00007ff87b5f0000, R11=0x0000002ffdefe780
R12=0x000001e85a749988, R13=0x0000000000000078, R14=0x000001e85a0b4a2a, R15=0x0000000000000160
RIP=0x00007ff87bc99b5b, EFLAGS=0x0000000000010246

Top of Stack: (sp=0x0000002ffdefe2c0)
0x0000002ffdefe2c0:   0000002ffdefe320 0000000000000000
0x0000002ffdefe2d0:   0000000000000000 0000000000000000
0x0000002ffdefe2e0:   0000000000000000 00007ff87b921b03
0x0000002ffdefe2f0:   0000000000000000 0000002ffdefe9d0
0x0000002ffdefe300:   0000000000000000 0000000000000000
0x0000002ffdefe310:   0000000000000000 0000000000000000
0x0000002ffdefe320:   00007ff87be74290 0000000000000000
0x0000002ffdefe330:   0000000000000000 000000000000000e
0x0000002ffdefe340:   0000002ffdefe350 0000000000000000
0x0000002ffdefe350:   0000000000000000 0000000000000000
0x0000002ffdefe360:   4fffffff4fffffff 0000000000000000
0x0000002ffdefe370:   0000000000000000 0000000000000000
0x0000002ffdefe380:   0000000000000000 0000000000000000
0x0000002ffdefe390:   0000000000000000 0000000000000000
0x0000002ffdefe3a0:   0000000000000000 0000000000000000
0x0000002ffdefe3b0:   0000000000000000 0000000000000000 

Instructions: (pc=0x00007ff87bc99b5b)
0x00007ff87bc99a5b:   48 8b cb ff 50 30 ff 43 14 48 c1 ef 04 eb 86 48
0x00007ff87bc99a6b:   8b 03 45 33 c0 33 d2 48 8b cb ff 50 48 ff 43 14
0x00007ff87bc99a7b:   48 c1 ef 04 e9 6c ff ff ff 48 8b 03 48 8b cb ff
0x00007ff87bc99a8b:   50 38 83 43 14 02 48 c1 ef 04 e9 56 ff ff ff 48
0x00007ff87bc99a9b:   8b 03 48 8b cb ff 50 10 ff 43 14 48 c1 ef 04 e9
0x00007ff87bc99aab:   41 ff ff ff 48 8b 03 48 8b cb ff 50 18 83 43 14
0x00007ff87bc99abb:   02 48 c1 ef 04 e9 2b ff ff ff 48 8b 0d c4 06 3f
0x00007ff87bc99acb:   00 48 8d 15 ed ae 22 00 e8 38 f4 f7 ff 48 8b 0d
0x00007ff87bc99adb:   b1 06 3f 00 48 8d 15 f2 ae 22 00 4c 8b c6 e8 22
0x00007ff87bc99aeb:   f4 f7 ff ba c2 00 00 00 48 8d 0d 66 ae 22 00 e8
0x00007ff87bc99afb:   21 3e ba ff e8 1c cf f7 ff 48 c1 ef 04 e9 e3 fe
0x00007ff87bc99b0b:   ff ff 0f 1f 00 11 9a 6a 00 22 9a 6a 00 34 9a 6a
0x00007ff87bc99b1b:   00 46 9a 6a 00 58 9a 6a 00 84 9a 6a 00 9a 9a 6a
0x00007ff87bc99b2b:   00 af 9a 6a 00 6a 9a 6a 00 c8 99 6a 00 cc cc cc
0x00007ff87bc99b3b:   cc cc cc cc cc 40 53 48 83 ec 20 c7 41 10 00 00
0x00007ff87bc99b4b:   00 00 48 8b d9 48 89 7c 24 38 48 8b 79 08 33 c9
0x00007ff87bc99b5b:   80 7f 06 28 74 26 44 8d 49 28 8d 51 36 48 8d 0d
0x00007ff87bc99b6b:   f1 ad 22 00 4c 8d 05 da ad 22 00 e8 25 3c ba ff
0x00007ff87bc99b7b:   e8 a0 ce f7 ff 8b 4b 10 48 8b 7b 08 8d 41 01 48
0x00007ff87bc99b8b:   63 c9 89 43 10 80 7c 39 07 29 0f 84 d3 00 00 00
0x00007ff87bc99b9b:   48 89 74 24 30 44 8b c0 48 8d 35 56 64 95 ff 66
0x00007ff87bc99bab:   0f 1f 44 00 00 49 63 c8 0f be 54 39 06 83 c2 be
0x00007ff87bc99bbb:   83 fa 19 77 7b 48 63 ca 0f b6 8c 0e 1c 9d 6a 00
0x00007ff87bc99bcb:   8b 94 8e 0c 9d 6a 00 48 03 d6 ff e2 41 8d 40 01
0x00007ff87bc99bdb:   89 43 10 eb 74 48 63 c8 ff c0 89 43 10 44 8b c0
0x00007ff87bc99beb:   80 7c 39 06 3b 75 ee eb 63 0f 1f 40 00 0f 1f 84
0x00007ff87bc99bfb:   00 00 00 00 00 ff c0 48 63 c8 89 43 10 0f b6 54
0x00007ff87bc99c0b:   39 06 80 fa 5b 74 ee 80 fa 4c 75 1d 66 0f 1f 84
0x00007ff87bc99c1b:   00 00 00 00 00 48 63 c8 ff c0 89 43 10 44 8b c0
0x00007ff87bc99c2b:   80 7c 39 06 3b 75 ee eb 23 ff c0 89 43 10 eb 19
0x00007ff87bc99c3b:   ba f1 00 00 00 48 8d 0d 19 ad 22 00 e8 d4 3c ba
0x00007ff87bc99c4b:   ff e8 cf cd f7 ff 8b 43 10 44 8b c0 49 63 c8 80 


Stack slot to memory mapping:
stack at sp + 0 slots: 0x0000002ffdefe320 is pointing into the stack for thread: 0x000001e85a708000
stack at sp + 1 slots: 0x0 is NULL
stack at sp + 2 slots: 0x0 is NULL
stack at sp + 3 slots: 0x0 is NULL
stack at sp + 4 slots: 0x0 is NULL
stack at sp + 5 slots: 0x00007ff87b921b03 jvm.dll
stack at sp + 6 slots: 0x0 is NULL
stack at sp + 7 slots: 0x0000002ffdefe9d0 is pointing into the stack for thread: 0x000001e85a708000


---------------  P R O C E S S  ---------------

Threads class SMR info:
_java_thread_list=0x000001e85a8161b0, length=13, elements={
0x000001e83b752800, 0x000001e859c3d800, 0x000001e859c3f000, 0x000001e859c5f000,
0x000001e859c61000, 0x000001e859c6a000, 0x000001e859c71000, 0x000001e859c74000,
0x000001e859c21800, 0x000001e85a708000, 0x000001e85a70d800, 0x000001e85a70e800,
0x000001e85a83b000
}

Java Threads: ( => current thread )
  0x000001e83b752800 JavaThread "main" [_thread_blocked, id=12196, stack(0x0000002ffcf00000,0x0000002ffd000000)]
  0x000001e859c3d800 JavaThread "Reference Handler" daemon [_thread_blocked, id=10624, stack(0x0000002ffd600000,0x0000002ffd700000)]
  0x000001e859c3f000 JavaThread "Finalizer" daemon [_thread_blocked, id=11152, stack(0x0000002ffd700000,0x0000002ffd800000)]
  0x000001e859c5f000 JavaThread "Signal Dispatcher" daemon [_thread_blocked, id=3404, stack(0x0000002ffd800000,0x0000002ffd900000)]
  0x000001e859c61000 JavaThread "Attach Listener" daemon [_thread_blocked, id=2460, stack(0x0000002ffd900000,0x0000002ffda00000)]
  0x000001e859c6a000 JavaThread "C2 CompilerThread0" daemon [_thread_blocked, id=2220, stack(0x0000002ffda00000,0x0000002ffdb00000)]
  0x000001e859c71000 JavaThread "C1 CompilerThread0" daemon [_thread_blocked, id=3004, stack(0x0000002ffdb00000,0x0000002ffdc00000)]
  0x000001e859c74000 JavaThread "Sweeper thread" daemon [_thread_blocked, id=9084, stack(0x0000002ffdc00000,0x0000002ffdd00000)]
  0x000001e859c21800 JavaThread "Common-Cleaner" daemon [_thread_blocked, id=552, stack(0x0000002ffdd00000,0x0000002ffde00000)]
=>0x000001e85a708000 JavaThread "JDWP Transport Listener: dt_socket" daemon [_thread_in_vm, id=12876, stack(0x0000002ffde00000,0x0000002ffdf00000)]
  0x000001e85a70d800 JavaThread "JDWP Event Helper Thread" daemon [_thread_blocked, id=12292, stack(0x0000002ffdf00000,0x0000002ffe000000)]
  0x000001e85a70e800 JavaThread "JDWP Command Reader" daemon [_thread_in_native, id=11508, stack(0x0000002ffe000000,0x0000002ffe100000)]
  0x000001e85a83b000 JavaThread "Service Thread" daemon [_thread_blocked, id=10948, stack(0x0000002ffe100000,0x0000002ffe200000)]

Other Threads:
  0x000001e859c38800 VMThread "VM Thread" [stack: 0x0000002ffd500000,0x0000002ffd600000] [id=8848]
  0x000001e85a8c9800 WatcherThread [stack: 0x0000002ffe200000,0x0000002ffe300000] [id=8244]
  0x000001e83b795000 GCTaskThread "GC Thread#0" [stack: 0x0000002ffd000000,0x0000002ffd100000] [id=7408]
  0x000001e83b7a6800 ConcurrentGCThread "G1 Main Marker" [stack: 0x0000002ffd100000,0x0000002ffd200000] [id=9660]
  0x000001e83b7a9000 ConcurrentGCThread "G1 Conc#0" [stack: 0x0000002ffd200000,0x0000002ffd300000] [id=7572]
  0x000001e83b819000 ConcurrentGCThread "G1 Refine#0" [stack: 0x0000002ffd300000,0x0000002ffd400000] [id=11736]
  0x000001e859ac1800 ConcurrentGCThread "G1 Young RemSet Sampling" [stack: 0x0000002ffd400000,0x0000002ffd500000] [id=8776]

Threads with active compile tasks:

VM state:not at safepoint (normal execution)

VM Mutex/Monitor currently owned by a thread: None

Heap address: 0x0000000081c00000, size: 2020 MB, Compressed Oops mode: 32-bit
Narrow klass base: 0x0000000800000000, Narrow klass shift: 3
Compressed class space size: 1073741824 Address: 0x0000000800b40000

Heap:
 garbage-first heap   total 131072K, used 3072K [0x0000000081c00000, 0x0000000100000000)
  region size 1024K, 4 young (4096K), 0 survivors (0K)
 Metaspace       used 2715K, capacity 4901K, committed 5120K, reserved 1056768K
  class space    used 278K, capacity 462K, committed 512K, reserved 1048576K
Heap Regions: E=young(eden), S=young(survivor), O=old, HS=humongous(starts), HC=humongous(continues), CS=collection set, F=free, A=archive, TAMS=top-at-mark-start (previous, next)
|   0|0x0000000081c00000, 0x0000000081c00000, 0x0000000081d00000|  0%| F|  |TAMS 0x0000000081c00000, 0x0000000081c00000| Untracked 
|   1|0x0000000081d00000, 0x0000000081d00000, 0x0000000081e00000|  0%| F|  |TAMS 0x0000000081d00000, 0x0000000081d00000| Untracked 
|   2|0x0000000081e00000, 0x0000000081e00000, 0x0000000081f00000|  0%| F|  |TAMS 0x0000000081e00000, 0x0000000081e00000| Untracked 
|   3|0x0000000081f00000, 0x0000000081f00000, 0x0000000082000000|  0%| F|  |TAMS 0x0000000081f00000, 0x0000000081f00000| Untracked 
|   4|0x0000000082000000, 0x0000000082000000, 0x0000000082100000|  0%| F|  |TAMS 0x0000000082000000, 0x0000000082000000| Untracked 
|   5|0x0000000082100000, 0x0000000082100000, 0x0000000082200000|  0%| F|  |TAMS 0x0000000082100000, 0x0000000082100000| Untracked 
|   6|0x0000000082200000, 0x0000000082200000, 0x0000000082300000|  0%| F|  |TAMS 0x0000000082200000, 0x0000000082200000| Untracked 
|   7|0x0000000082300000, 0x0000000082300000, 0x0000000082400000|  0%| F|  |TAMS 0x0000000082300000, 0x0000000082300000| Untracked 
|   8|0x0000000082400000, 0x0000000082400000, 0x0000000082500000|  0%| F|  |TAMS 0x0000000082400000, 0x0000000082400000| Untracked 
|   9|0x0000000082500000, 0x0000000082500000, 0x0000000082600000|  0%| F|  |TAMS 0x0000000082500000, 0x0000000082500000| Untracked 
|  10|0x0000000082600000, 0x0000000082600000, 0x0000000082700000|  0%| F|  |TAMS 0x0000000082600000, 0x0000000082600000| Untracked 
|  11|0x0000000082700000, 0x0000000082700000, 0x0000000082800000|  0%| F|  |TAMS 0x0000000082700000, 0x0000000082700000| Untracked 
|  12|0x0000000082800000, 0x0000000082800000, 0x0000000082900000|  0%| F|  |TAMS 0x0000000082800000, 0x0000000082800000| Untracked 
|  13|0x0000000082900000, 0x0000000082900000, 0x0000000082a00000|  0%| F|  |TAMS 0x0000000082900000, 0x0000000082900000| Untracked 
|  14|0x0000000082a00000, 0x0000000082a00000, 0x0000000082b00000|  0%| F|  |TAMS 0x0000000082a00000, 0x0000000082a00000| Untracked 
|  15|0x0000000082b00000, 0x0000000082b00000, 0x0000000082c00000|  0%| F|  |TAMS 0x0000000082b00000, 0x0000000082b00000| Untracked 
|  16|0x0000000082c00000, 0x0000000082c00000, 0x0000000082d00000|  0%| F|  |TAMS 0x0000000082c00000, 0x0000000082c00000| Untracked 
|  17|0x0000000082d00000, 0x0000000082d00000, 0x0000000082e00000|  0%| F|  |TAMS 0x0000000082d00000, 0x0000000082d00000| Untracked 
|  18|0x0000000082e00000, 0x0000000082e00000, 0x0000000082f00000|  0%| F|  |TAMS 0x0000000082e00000, 0x0000000082e00000| Untracked 
|  19|0x0000000082f00000, 0x0000000082f00000, 0x0000000083000000|  0%| F|  |TAMS 0x0000000082f00000, 0x0000000082f00000| Untracked 
|  20|0x0000000083000000, 0x0000000083000000, 0x0000000083100000|  0%| F|  |TAMS 0x0000000083000000, 0x0000000083000000| Untracked 
|  21|0x0000000083100000, 0x0000000083100000, 0x0000000083200000|  0%| F|  |TAMS 0x0000000083100000, 0x0000000083100000| Untracked 
|  22|0x0000000083200000, 0x0000000083200000, 0x0000000083300000|  0%| F|  |TAMS 0x0000000083200000, 0x0000000083200000| Untracked 
|  23|0x0000000083300000, 0x0000000083300000, 0x0000000083400000|  0%| F|  |TAMS 0x0000000083300000, 0x0000000083300000| Untracked 
|  24|0x0000000083400000, 0x0000000083400000, 0x0000000083500000|  0%| F|  |TAMS 0x0000000083400000, 0x0000000083400000| Untracked 
|  25|0x0000000083500000, 0x0000000083500000, 0x0000000083600000|  0%| F|  |TAMS 0x0000000083500000, 0x0000000083500000| Untracked 
|  26|0x0000000083600000, 0x0000000083600000, 0x0000000083700000|  0%| F|  |TAMS 0x0000000083600000, 0x0000000083600000| Untracked 
|  27|0x0000000083700000, 0x0000000083700000, 0x0000000083800000|  0%| F|  |TAMS 0x0000000083700000, 0x0000000083700000| Untracked 
|  28|0x0000000083800000, 0x0000000083800000, 0x0000000083900000|  0%| F|  |TAMS 0x0000000083800000, 0x0000000083800000| Untracked 
|  29|0x0000000083900000, 0x0000000083900000, 0x0000000083a00000|  0%| F|  |TAMS 0x0000000083900000, 0x0000000083900000| Untracked 
|  30|0x0000000083a00000, 0x0000000083a00000, 0x0000000083b00000|  0%| F|  |TAMS 0x0000000083a00000, 0x0000000083a00000| Untracked 
|  31|0x0000000083b00000, 0x0000000083b00000, 0x0000000083c00000|  0%| F|  |TAMS 0x0000000083b00000, 0x0000000083b00000| Untracked 
|  32|0x0000000083c00000, 0x0000000083c00000, 0x0000000083d00000|  0%| F|  |TAMS 0x0000000083c00000, 0x0000000083c00000| Untracked 
|  33|0x0000000083d00000, 0x0000000083d00000, 0x0000000083e00000|  0%| F|  |TAMS 0x0000000083d00000, 0x0000000083d00000| Untracked 
|  34|0x0000000083e00000, 0x0000000083e00000, 0x0000000083f00000|  0%| F|  |TAMS 0x0000000083e00000, 0x0000000083e00000| Untracked 
|  35|0x0000000083f00000, 0x0000000083f00000, 0x0000000084000000|  0%| F|  |TAMS 0x0000000083f00000, 0x0000000083f00000| Untracked 
|  36|0x0000000084000000, 0x0000000084000000, 0x0000000084100000|  0%| F|  |TAMS 0x0000000084000000, 0x0000000084000000| Untracked 
|  37|0x0000000084100000, 0x0000000084100000, 0x0000000084200000|  0%| F|  |TAMS 0x0000000084100000, 0x0000000084100000| Untracked 
|  38|0x0000000084200000, 0x0000000084200000, 0x0000000084300000|  0%| F|  |TAMS 0x0000000084200000, 0x0000000084200000| Untracked 
|  39|0x0000000084300000, 0x0000000084300000, 0x0000000084400000|  0%| F|  |TAMS 0x0000000084300000, 0x0000000084300000| Untracked 
|  40|0x0000000084400000, 0x0000000084400000, 0x0000000084500000|  0%| F|  |TAMS 0x0000000084400000, 0x0000000084400000| Untracked 
|  41|0x0000000084500000, 0x0000000084500000, 0x0000000084600000|  0%| F|  |TAMS 0x0000000084500000, 0x0000000084500000| Untracked 
|  42|0x0000000084600000, 0x0000000084600000, 0x0000000084700000|  0%| F|  |TAMS 0x0000000084600000, 0x0000000084600000| Untracked 
|  43|0x0000000084700000, 0x0000000084700000, 0x0000000084800000|  0%| F|  |TAMS 0x0000000084700000, 0x0000000084700000| Untracked 
|  44|0x0000000084800000, 0x0000000084800000, 0x0000000084900000|  0%| F|  |TAMS 0x0000000084800000, 0x0000000084800000| Untracked 
|  45|0x0000000084900000, 0x0000000084900000, 0x0000000084a00000|  0%| F|  |TAMS 0x0000000084900000, 0x0000000084900000| Untracked 
|  46|0x0000000084a00000, 0x0000000084a00000, 0x0000000084b00000|  0%| F|  |TAMS 0x0000000084a00000, 0x0000000084a00000| Untracked 
|  47|0x0000000084b00000, 0x0000000084b00000, 0x0000000084c00000|  0%| F|  |TAMS 0x0000000084b00000, 0x0000000084b00000| Untracked 
|  48|0x0000000084c00000, 0x0000000084c00000, 0x0000000084d00000|  0%| F|  |TAMS 0x0000000084c00000, 0x0000000084c00000| Untracked 
|  49|0x0000000084d00000, 0x0000000084d00000, 0x0000000084e00000|  0%| F|  |TAMS 0x0000000084d00000, 0x0000000084d00000| Untracked 
|  50|0x0000000084e00000, 0x0000000084e00000, 0x0000000084f00000|  0%| F|  |TAMS 0x0000000084e00000, 0x0000000084e00000| Untracked 
|  51|0x0000000084f00000, 0x0000000084f00000, 0x0000000085000000|  0%| F|  |TAMS 0x0000000084f00000, 0x0000000084f00000| Untracked 
|  52|0x0000000085000000, 0x0000000085000000, 0x0000000085100000|  0%| F|  |TAMS 0x0000000085000000, 0x0000000085000000| Untracked 
|  53|0x0000000085100000, 0x0000000085100000, 0x0000000085200000|  0%| F|  |TAMS 0x0000000085100000, 0x0000000085100000| Untracked 
|  54|0x0000000085200000, 0x0000000085200000, 0x0000000085300000|  0%| F|  |TAMS 0x0000000085200000, 0x0000000085200000| Untracked 
|  55|0x0000000085300000, 0x0000000085300000, 0x0000000085400000|  0%| F|  |TAMS 0x0000000085300000, 0x0000000085300000| Untracked 
|  56|0x0000000085400000, 0x0000000085400000, 0x0000000085500000|  0%| F|  |TAMS 0x0000000085400000, 0x0000000085400000| Untracked 
|  57|0x0000000085500000, 0x0000000085500000, 0x0000000085600000|  0%| F|  |TAMS 0x0000000085500000, 0x0000000085500000| Untracked 
|  58|0x0000000085600000, 0x0000000085600000, 0x0000000085700000|  0%| F|  |TAMS 0x0000000085600000, 0x0000000085600000| Untracked 
|  59|0x0000000085700000, 0x0000000085700000, 0x0000000085800000|  0%| F|  |TAMS 0x0000000085700000, 0x0000000085700000| Untracked 
|  60|0x0000000085800000, 0x0000000085800000, 0x0000000085900000|  0%| F|  |TAMS 0x0000000085800000, 0x0000000085800000| Untracked 
|  61|0x0000000085900000, 0x0000000085900000, 0x0000000085a00000|  0%| F|  |TAMS 0x0000000085900000, 0x0000000085900000| Untracked 
|  62|0x0000000085a00000, 0x0000000085a00000, 0x0000000085b00000|  0%| F|  |TAMS 0x0000000085a00000, 0x0000000085a00000| Untracked 
|  63|0x0000000085b00000, 0x0000000085b00000, 0x0000000085c00000|  0%| F|  |TAMS 0x0000000085b00000, 0x0000000085b00000| Untracked 
|  64|0x0000000085c00000, 0x0000000085c00000, 0x0000000085d00000|  0%| F|  |TAMS 0x0000000085c00000, 0x0000000085c00000| Untracked 
|  65|0x0000000085d00000, 0x0000000085d00000, 0x0000000085e00000|  0%| F|  |TAMS 0x0000000085d00000, 0x0000000085d00000| Untracked 
|  66|0x0000000085e00000, 0x0000000085e00000, 0x0000000085f00000|  0%| F|  |TAMS 0x0000000085e00000, 0x0000000085e00000| Untracked 
|  67|0x0000000085f00000, 0x0000000085f00000, 0x0000000086000000|  0%| F|  |TAMS 0x0000000085f00000, 0x0000000085f00000| Untracked 
|  68|0x0000000086000000, 0x0000000086000000, 0x0000000086100000|  0%| F|  |TAMS 0x0000000086000000, 0x0000000086000000| Untracked 
|  69|0x0000000086100000, 0x0000000086100000, 0x0000000086200000|  0%| F|  |TAMS 0x0000000086100000, 0x0000000086100000| Untracked 
|  70|0x0000000086200000, 0x0000000086200000, 0x0000000086300000|  0%| F|  |TAMS 0x0000000086200000, 0x0000000086200000| Untracked 
|  71|0x0000000086300000, 0x0000000086300000, 0x0000000086400000|  0%| F|  |TAMS 0x0000000086300000, 0x0000000086300000| Untracked 
|  72|0x0000000086400000, 0x0000000086400000, 0x0000000086500000|  0%| F|  |TAMS 0x0000000086400000, 0x0000000086400000| Untracked 
|  73|0x0000000086500000, 0x0000000086500000, 0x0000000086600000|  0%| F|  |TAMS 0x0000000086500000, 0x0000000086500000| Untracked 
|  74|0x0000000086600000, 0x0000000086600000, 0x0000000086700000|  0%| F|  |TAMS 0x0000000086600000, 0x0000000086600000| Untracked 
|  75|0x0000000086700000, 0x0000000086700000, 0x0000000086800000|  0%| F|  |TAMS 0x0000000086700000, 0x0000000086700000| Untracked 
|  76|0x0000000086800000, 0x0000000086800000, 0x0000000086900000|  0%| F|  |TAMS 0x0000000086800000, 0x0000000086800000| Untracked 
|  77|0x0000000086900000, 0x0000000086900000, 0x0000000086a00000|  0%| F|  |TAMS 0x0000000086900000, 0x0000000086900000| Untracked 
|  78|0x0000000086a00000, 0x0000000086a00000, 0x0000000086b00000|  0%| F|  |TAMS 0x0000000086a00000, 0x0000000086a00000| Untracked 
|  79|0x0000000086b00000, 0x0000000086b00000, 0x0000000086c00000|  0%| F|  |TAMS 0x0000000086b00000, 0x0000000086b00000| Untracked 
|  80|0x0000000086c00000, 0x0000000086c00000, 0x0000000086d00000|  0%| F|  |TAMS 0x0000000086c00000, 0x0000000086c00000| Untracked 
|  81|0x0000000086d00000, 0x0000000086d00000, 0x0000000086e00000|  0%| F|  |TAMS 0x0000000086d00000, 0x0000000086d00000| Untracked 
|  82|0x0000000086e00000, 0x0000000086e00000, 0x0000000086f00000|  0%| F|  |TAMS 0x0000000086e00000, 0x0000000086e00000| Untracked 
|  83|0x0000000086f00000, 0x0000000086f00000, 0x0000000087000000|  0%| F|  |TAMS 0x0000000086f00000, 0x0000000086f00000| Untracked 
|  84|0x0000000087000000, 0x0000000087000000, 0x0000000087100000|  0%| F|  |TAMS 0x0000000087000000, 0x0000000087000000| Untracked 
|  85|0x0000000087100000, 0x0000000087100000, 0x0000000087200000|  0%| F|  |TAMS 0x0000000087100000, 0x0000000087100000| Untracked 
|  86|0x0000000087200000, 0x0000000087200000, 0x0000000087300000|  0%| F|  |TAMS 0x0000000087200000, 0x0000000087200000| Untracked 
|  87|0x0000000087300000, 0x0000000087300000, 0x0000000087400000|  0%| F|  |TAMS 0x0000000087300000, 0x0000000087300000| Untracked 
|  88|0x0000000087400000, 0x0000000087400000, 0x0000000087500000|  0%| F|  |TAMS 0x0000000087400000, 0x0000000087400000| Untracked 
|  89|0x0000000087500000, 0x0000000087500000, 0x0000000087600000|  0%| F|  |TAMS 0x0000000087500000, 0x0000000087500000| Untracked 
|  90|0x0000000087600000, 0x0000000087600000, 0x0000000087700000|  0%| F|  |TAMS 0x0000000087600000, 0x0000000087600000| Untracked 
|  91|0x0000000087700000, 0x0000000087700000, 0x0000000087800000|  0%| F|  |TAMS 0x0000000087700000, 0x0000000087700000| Untracked 
|  92|0x0000000087800000, 0x0000000087800000, 0x0000000087900000|  0%| F|  |TAMS 0x0000000087800000, 0x0000000087800000| Untracked 
|  93|0x0000000087900000, 0x0000000087900000, 0x0000000087a00000|  0%| F|  |TAMS 0x0000000087900000, 0x0000000087900000| Untracked 
|  94|0x0000000087a00000, 0x0000000087a00000, 0x0000000087b00000|  0%| F|  |TAMS 0x0000000087a00000, 0x0000000087a00000| Untracked 
|  95|0x0000000087b00000, 0x0000000087b00000, 0x0000000087c00000|  0%| F|  |TAMS 0x0000000087b00000, 0x0000000087b00000| Untracked 
|  96|0x0000000087c00000, 0x0000000087c00000, 0x0000000087d00000|  0%| F|  |TAMS 0x0000000087c00000, 0x0000000087c00000| Untracked 
|  97|0x0000000087d00000, 0x0000000087d00000, 0x0000000087e00000|  0%| F|  |TAMS 0x0000000087d00000, 0x0000000087d00000| Untracked 
|  98|0x0000000087e00000, 0x0000000087e00000, 0x0000000087f00000|  0%| F|  |TAMS 0x0000000087e00000, 0x0000000087e00000| Untracked 
|  99|0x0000000087f00000, 0x0000000087f00000, 0x0000000088000000|  0%| F|  |TAMS 0x0000000087f00000, 0x0000000087f00000| Untracked 
| 100|0x0000000088000000, 0x0000000088000000, 0x0000000088100000|  0%| F|  |TAMS 0x0000000088000000, 0x0000000088000000| Untracked 
| 101|0x0000000088100000, 0x0000000088100000, 0x0000000088200000|  0%| F|  |TAMS 0x0000000088100000, 0x0000000088100000| Untracked 
| 102|0x0000000088200000, 0x0000000088200000, 0x0000000088300000|  0%| F|  |TAMS 0x0000000088200000, 0x0000000088200000| Untracked 
| 103|0x0000000088300000, 0x0000000088300000, 0x0000000088400000|  0%| F|  |TAMS 0x0000000088300000, 0x0000000088300000| Untracked 
| 104|0x0000000088400000, 0x0000000088400000, 0x0000000088500000|  0%| F|  |TAMS 0x0000000088400000, 0x0000000088400000| Untracked 
| 105|0x0000000088500000, 0x0000000088500000, 0x0000000088600000|  0%| F|  |TAMS 0x0000000088500000, 0x0000000088500000| Untracked 
| 106|0x0000000088600000, 0x0000000088600000, 0x0000000088700000|  0%| F|  |TAMS 0x0000000088600000, 0x0000000088600000| Untracked 
| 107|0x0000000088700000, 0x0000000088700000, 0x0000000088800000|  0%| F|  |TAMS 0x0000000088700000, 0x0000000088700000| Untracked 
| 108|0x0000000088800000, 0x0000000088800000, 0x0000000088900000|  0%| F|  |TAMS 0x0000000088800000, 0x0000000088800000| Untracked 
| 109|0x0000000088900000, 0x0000000088900000, 0x0000000088a00000|  0%| F|  |TAMS 0x0000000088900000, 0x0000000088900000| Untracked 
| 110|0x0000000088a00000, 0x0000000088a00000, 0x0000000088b00000|  0%| F|  |TAMS 0x0000000088a00000, 0x0000000088a00000| Untracked 
| 111|0x0000000088b00000, 0x0000000088b00000, 0x0000000088c00000|  0%| F|  |TAMS 0x0000000088b00000, 0x0000000088b00000| Untracked 
| 112|0x0000000088c00000, 0x0000000088c00000, 0x0000000088d00000|  0%| F|  |TAMS 0x0000000088c00000, 0x0000000088c00000| Untracked 
| 113|0x0000000088d00000, 0x0000000088d00000, 0x0000000088e00000|  0%| F|  |TAMS 0x0000000088d00000, 0x0000000088d00000| Untracked 
| 114|0x0000000088e00000, 0x0000000088e00000, 0x0000000088f00000|  0%| F|  |TAMS 0x0000000088e00000, 0x0000000088e00000| Untracked 
| 115|0x0000000088f00000, 0x0000000088f00000, 0x0000000089000000|  0%| F|  |TAMS 0x0000000088f00000, 0x0000000088f00000| Untracked 
| 116|0x0000000089000000, 0x0000000089000000, 0x0000000089100000|  0%| F|  |TAMS 0x0000000089000000, 0x0000000089000000| Untracked 
| 117|0x0000000089100000, 0x0000000089100000, 0x0000000089200000|  0%| F|  |TAMS 0x0000000089100000, 0x0000000089100000| Untracked 
| 118|0x0000000089200000, 0x0000000089200000, 0x0000000089300000|  0%| F|  |TAMS 0x0000000089200000, 0x0000000089200000| Untracked 
| 119|0x0000000089300000, 0x0000000089300000, 0x0000000089400000|  0%| F|  |TAMS 0x0000000089300000, 0x0000000089300000| Untracked 
| 120|0x0000000089400000, 0x0000000089400000, 0x0000000089500000|  0%| F|  |TAMS 0x0000000089400000, 0x0000000089400000| Untracked 
| 121|0x0000000089500000, 0x0000000089500000, 0x0000000089600000|  0%| F|  |TAMS 0x0000000089500000, 0x0000000089500000| Untracked 
| 122|0x0000000089600000, 0x0000000089600000, 0x0000000089700000|  0%| F|  |TAMS 0x0000000089600000, 0x0000000089600000| Untracked 
| 123|0x0000000089700000, 0x0000000089700000, 0x0000000089800000|  0%| F|  |TAMS 0x0000000089700000, 0x0000000089700000| Untracked 
| 124|0x0000000089800000, 0x00000000898fe988, 0x0000000089900000| 99%| E|  |TAMS 0x0000000089800000, 0x0000000089800000| Complete 
| 125|0x0000000089900000, 0x0000000089a00000, 0x0000000089a00000|100%| E|CS|TAMS 0x0000000089900000, 0x0000000089900000| Complete 
| 126|0x0000000089a00000, 0x0000000089b00000, 0x0000000089b00000|100%| E|CS|TAMS 0x0000000089a00000, 0x0000000089a00000| Complete 
| 127|0x0000000089b00000, 0x0000000089c00000, 0x0000000089c00000|100%| E|CS|TAMS 0x0000000089b00000, 0x0000000089b00000| Complete 

Card table byte_map: [0x000001e853050000,0x000001e853450000] _byte_map_base: 0x000001e852c42000

Marking Bits (Prev, Next): (CMBitMap*) 0x000001e83b7959a8, (CMBitMap*) 0x000001e83b7959e8
 Prev Bits: [0x000001e853850000, 0x000001e8557e0000)
 Next Bits: [0x000001e8557e0000, 0x000001e857770000)

Polling page: 0x000001e839730000

Metaspace:

Usage:
  Non-class:      4.33 MB capacity,     2.38 MB ( 55%) used,     1.95 MB ( 45%) free+waste,     4.81 KB ( <1%) overhead. 
      Class:    462.00 KB capacity,   278.09 KB ( 60%) used,   181.23 KB ( 39%) free+waste,     2.69 KB ( <1%) overhead. 
       Both:      4.79 MB capacity,     2.65 MB ( 55%) used,     2.13 MB ( 44%) free+waste,     7.50 KB ( <1%) overhead. 

Virtual space:
  Non-class space:        8.00 MB reserved,       4.50 MB ( 56%) committed 
      Class space:        1.00 GB reserved,     512.00 KB ( <1%) committed 
             Both:        1.01 GB reserved,       5.00 MB ( <1%) committed 

Chunk freelists:
   Non-Class:  41.00 KB
       Class:  18.00 KB
        Both:  59.00 KB

MaxMetaspaceSize: 17179869184.00 GB
CompressedClassSpaceSize: 1.00 GB

CodeHeap 'non-profiled nmethods': size=120064Kb used=120Kb max_used=120Kb free=119943Kb
 bounds [0x000001e84b710000, 0x000001e84b980000, 0x000001e852c50000]
CodeHeap 'profiled nmethods': size=120000Kb used=564Kb max_used=564Kb free=119435Kb
 bounds [0x000001e8441e0000, 0x000001e844450000, 0x000001e84b710000]
CodeHeap 'non-nmethods': size=5696Kb used=1219Kb max_used=1225Kb free=4476Kb
 bounds [0x000001e843c50000, 0x000001e843ec0000, 0x000001e8441e0000]
 total_blobs=1129 nmethods=390 adapters=290
 compilation: enabled
              stopped_count=0, restarted_count=0
 full_count=0

Compilation events (20 events):
Event: 0.517 Thread 0x000001e859c71000  380       3       java.util.regex.Pattern::has (15 bytes)
Event: 0.518 Thread 0x000001e859c71000 nmethod 380 0x000001e844268e90 code [0x000001e844269040, 0x000001e844269218]
Event: 0.518 Thread 0x000001e859c71000  381       1       java.lang.invoke.MethodHandles$Lookup::lookupClass (5 bytes)
Event: 0.518 Thread 0x000001e859c71000 nmethod 381 0x000001e84b72db10 code [0x000001e84b72dca0, 0x000001e84b72ddd8]
Event: 0.518 Thread 0x000001e859c71000  382       3       java.lang.String::charAt (25 bytes)
Event: 0.518 Thread 0x000001e859c71000 nmethod 382 0x000001e844269290 code [0x000001e8442694a0, 0x000001e844269a40]
Event: 0.518 Thread 0x000001e859c71000  383       3       java.lang.invoke.MethodType::checkPtypes (61 bytes)
Event: 0.519 Thread 0x000001e859c71000 nmethod 383 0x000001e844269c90 code [0x000001e844269f20, 0x000001e84426a9b0]
Event: 0.519 Thread 0x000001e859c71000  385       3       jdk.internal.org.objectweb.asm.ByteVector::put12 (64 bytes)
Event: 0.520 Thread 0x000001e859c71000 nmethod 385 0x000001e84426ae10 code [0x000001e84426afc0, 0x000001e84426b270]
Event: 0.520 Thread 0x000001e859c71000  386       3       java.lang.reflect.Modifier::isProtected (12 bytes)
Event: 0.520 Thread 0x000001e859c71000 nmethod 386 0x000001e84426b410 code [0x000001e84426b5c0, 0x000001e84426b758]
Event: 0.520 Thread 0x000001e859c71000  387       3       jdk.internal.misc.Unsafe::allocateUninitializedArray (52 bytes)
Event: 0.520 Thread 0x000001e859c71000 nmethod 387 0x000001e84426b810 code [0x000001e84426ba20, 0x000001e84426bf80]
Event: 0.520 Thread 0x000001e859c71000  388       3       jdk.internal.org.objectweb.asm.ByteVector::putInt (74 bytes)
Event: 0.521 Thread 0x000001e859c71000 nmethod 388 0x000001e84426c190 code [0x000001e84426c340, 0x000001e84426c630]
Event: 0.522 Thread 0x000001e859c71000  389       3       java.lang.String::replace (42 bytes)
Event: 0.522 Thread 0x000001e859c71000 nmethod 389 0x000001e84426c810 code [0x000001e84426c9e0, 0x000001e84426cda0]
Event: 0.522 Thread 0x000001e859c71000  390       3       java.lang.invoke.MemberName::getReferenceKind (12 bytes)
Event: 0.523 Thread 0x000001e859c71000 nmethod 390 0x000001e84426ce90 code [0x000001e84426d020, 0x000001e84426d1b8]

GC Heap History (0 events):
No events

Deoptimization events (16 events):
Event: 0.361 Thread 0x000001e83b752800 Uncommon trap: trap_request=0xffffff45 fr.pc=0x000001e84b71de64 relative=0x0000000000000b64
Event: 0.361 Thread 0x000001e83b752800 Uncommon trap: reason=unstable_if action=reinterpret pc=0x000001e84b71de64 method=java.util.HashMap.putVal(ILjava/lang/Object;Ljava/lang/Object;ZZ)Ljava/lang/Object; @ 181 c2
Event: 0.361 Thread 0x000001e83b752800 DEOPT PACKING pc=0x000001e84b71de64 sp=0x0000002ffcffe000
Event: 0.361 Thread 0x000001e83b752800 DEOPT UNPACKING pc=0x000001e843c9912f sp=0x0000002ffcffdfb0 mode 2
Event: 0.499 Thread 0x000001e83b752800 Uncommon trap: trap_request=0xffffff45 fr.pc=0x000001e84b71f28c relative=0x000000000000006c
Event: 0.499 Thread 0x000001e83b752800 Uncommon trap: reason=unstable_if action=reinterpret pc=0x000001e84b71f28c method=java.lang.String.isLatin1()Z @ 10 c2
Event: 0.499 Thread 0x000001e83b752800 DEOPT PACKING pc=0x000001e84b71f28c sp=0x0000002ffcffdca0
Event: 0.499 Thread 0x000001e83b752800 DEOPT UNPACKING pc=0x000001e843c9912f sp=0x0000002ffcffdc40 mode 2
Event: 0.499 Thread 0x000001e83b752800 Uncommon trap: trap_request=0xffffff45 fr.pc=0x000001e84b725e64 relative=0x0000000000000044
Event: 0.499 Thread 0x000001e83b752800 Uncommon trap: reason=unstable_if action=reinterpret pc=0x000001e84b725e64 method=java.lang.CharacterData.of(I)Ljava/lang/CharacterData; @ 4 c2
Event: 0.499 Thread 0x000001e83b752800 DEOPT PACKING pc=0x000001e84b725e64 sp=0x0000002ffcffd7e0
Event: 0.499 Thread 0x000001e83b752800 DEOPT UNPACKING pc=0x000001e843c9912f sp=0x0000002ffcffd780 mode 2
Event: 0.504 Thread 0x000001e83b752800 Uncommon trap: trap_request=0xffffff45 fr.pc=0x000001e84b71f608 relative=0x00000000000000e8
Event: 0.504 Thread 0x000001e83b752800 Uncommon trap: reason=unstable_if action=reinterpret pc=0x000001e84b71f608 method=java.lang.String.isLatin1()Z @ 10 c2
Event: 0.504 Thread 0x000001e83b752800 DEOPT PACKING pc=0x000001e84b71f608 sp=0x0000002ffcffecd0
Event: 0.504 Thread 0x000001e83b752800 DEOPT UNPACKING pc=0x000001e843c9912f sp=0x0000002ffcffec20 mode 2

Classes unloaded (0 events):
No events

Classes redefined (20 events):
Event: 3894.272 Thread 0x000001e859c38800 redefined class name=Restaurant1, count=33
Event: 3956.228 Thread 0x000001e859c38800 redefined class name=Restaurant1, count=34
Event: 3992.349 Thread 0x000001e859c38800 redefined class name=Restaurant1, count=35
Event: 4037.308 Thread 0x000001e859c38800 redefined class name=Restaurant1, count=36
Event: 4042.273 Thread 0x000001e859c38800 redefined class name=Restaurant1, count=37
Event: 4063.260 Thread 0x000001e859c38800 redefined class name=Restaurant1, count=38
Event: 4098.871 Thread 0x000001e859c38800 redefined class name=Restaurant1, count=39
Event: 4124.299 Thread 0x000001e859c38800 redefined class name=Restaurant1, count=40
Event: 5102.349 Thread 0x000001e859c38800 redefined class name=Restaurant1, count=41
Event: 5231.226 Thread 0x000001e859c38800 redefined class name=Restaurant1, count=42
Event: 5296.686 Thread 0x000001e859c38800 redefined class name=Restaurant1, count=43
Event: 5319.672 Thread 0x000001e859c38800 redefined class name=Restaurant1, count=44
Event: 5366.610 Thread 0x000001e859c38800 redefined class name=Restaurant1, count=45
Event: 5399.569 Thread 0x000001e859c38800 redefined class name=Restaurant1, count=46
Event: 5420.099 Thread 0x000001e859c38800 redefined class name=Restaurant1, count=47
Event: 5440.551 Thread 0x000001e859c38800 redefined class name=Restaurant1, count=48
Event: 5455.488 Thread 0x000001e859c38800 redefined class name=Restaurant1, count=49
Event: 5604.776 Thread 0x000001e859c38800 redefined class name=Restaurant1, count=50
Event: 5644.003 Thread 0x000001e859c38800 redefined class name=Restaurant1, count=51
Event: 5647.280 Thread 0x000001e859c38800 redefined class name=Restaurant1, count=52

Internal exceptions (1 events):
Event: 0.518 Thread 0x000001e83b752800 Exception <a 'java/lang/NoSuchMethodError'{0x00000000898e1ed0}: 'int java.lang.invoke.DirectMethodHandle$Holder.invokeSpecialIFC(java.lang.Object, java.lang.Object, int)'> (0x00000000898e1ed0) 
thrown [t:/workspace/open/src/hotspot/share/interpreter/linkResolver.cpp, line 767]

Events (20 events):
Event: 5701.869 Executing VM operation: GetCurrentContendedMonitor
Event: 5701.869 Executing VM operation: GetCurrentContendedMonitor done
Event: 5701.869 Executing VM operation: GetOwnedMonitorInfo
Event: 5701.869 Executing VM operation: GetOwnedMonitorInfo done
Event: 5701.978 Executing VM operation: GetCurrentContendedMonitor
Event: 5701.978 Executing VM operation: GetCurrentContendedMonitor done
Event: 5701.978 Executing VM operation: GetOwnedMonitorInfo
Event: 5701.978 Executing VM operation: GetOwnedMonitorInfo done
Event: 5702.665 Executing VM operation: GetFrameCount
Event: 5702.665 Executing VM operation: GetFrameCount done
Event: 5702.665 Executing VM operation: GetOwnedMonitorInfo
Event: 5702.666 Executing VM operation: GetOwnedMonitorInfo done
Event: 5702.666 Executing VM operation: GetCurrentContendedMonitor
Event: 5702.666 Executing VM operation: GetCurrentContendedMonitor done
Event: 5702.755 Executing VM operation: GetFrameCount
Event: 5702.756 Executing VM operation: GetFrameCount done
Event: 5702.757 Executing VM operation: GetOwnedMonitorInfo
Event: 5702.757 Executing VM operation: GetOwnedMonitorInfo done
Event: 5702.757 Executing VM operation: GetCurrentContendedMonitor
Event: 5702.757 Executing VM operation: GetCurrentContendedMonitor done


Dynamic libraries:
0x00007ff636d70000 - 0x00007ff636d7f000 	C:\Program Files\Java\jdk-13.0.1\bin\javaw.exe
0x00007ff8c6300000 - 0x00007ff8c64f0000 	C:\WINDOWS\SYSTEM32\ntdll.dll
0x00007ff8c6050000 - 0x00007ff8c6102000 	C:\WINDOWS\System32\KERNEL32.DLL
0x00007ff8c3350000 - 0x00007ff8c35f3000 	C:\WINDOWS\System32\KERNELBASE.dll
0x00007ff8c4050000 - 0x00007ff8c414a000 	C:\WINDOWS\System32\ucrtbase.dll
0x00007ff8bb6d0000 - 0x00007ff8bb6e8000 	C:\Program Files\Java\jdk-13.0.1\bin\jli.dll
0x00007ff8bb6f0000 - 0x00007ff8bb705000 	C:\Program Files\Java\jdk-13.0.1\bin\VCRUNTIME140.dll
0x00007ff8c5a80000 - 0x00007ff8c5b23000 	C:\WINDOWS\System32\ADVAPI32.dll
0x00007ff8c5fb0000 - 0x00007ff8c604e000 	C:\WINDOWS\System32\msvcrt.dll
0x00007ff8c4540000 - 0x00007ff8c45d7000 	C:\WINDOWS\System32\sechost.dll
0x00007ff8c52a0000 - 0x00007ff8c53c0000 	C:\WINDOWS\System32\RPCRT4.dll
0x00007ff8c4f20000 - 0x00007ff8c50b4000 	C:\WINDOWS\System32\USER32.dll
0x00007ff8c4150000 - 0x00007ff8c4171000 	C:\WINDOWS\System32\win32u.dll
0x00007ff8c57b0000 - 0x00007ff8c57d6000 	C:\WINDOWS\System32\GDI32.dll
0x00007ff8c3de0000 - 0x00007ff8c3f74000 	C:\WINDOWS\System32\gdi32full.dll
0x00007ff8b69c0000 - 0x00007ff8b6c45000 	C:\WINDOWS\WinSxS\amd64_microsoft.windows.common-controls_6595b64144ccf1df_6.0.18362.476_none_e6c4b11b130f2595\COMCTL32.dll
0x00007ff8c3290000 - 0x00007ff8c332e000 	C:\WINDOWS\System32\msvcp_win.dll
0x00007ff8c5470000 - 0x00007ff8c57a6000 	C:\WINDOWS\System32\combase.dll
0x00007ff8c3fd0000 - 0x00007ff8c4050000 	C:\WINDOWS\System32\bcryptPrimitives.dll
0x00007ff8b9030000 - 0x00007ff8b903a000 	C:\WINDOWS\SYSTEM32\VERSION.dll
0x00007ff8c4e30000 - 0x00007ff8c4e5e000 	C:\WINDOWS\System32\IMM32.DLL
0x00007ff8bb630000 - 0x00007ff8bb6cb000 	C:\Program Files\Java\jdk-13.0.1\bin\msvcp140.dll
0x00007ff87b5f0000 - 0x00007ff87c156000 	C:\Program Files\Java\jdk-13.0.1\bin\server\jvm.dll
0x00007ff8c5b30000 - 0x00007ff8c5b38000 	C:\WINDOWS\System32\PSAPI.DLL
0x00007ff8af900000 - 0x00007ff8af909000 	C:\WINDOWS\SYSTEM32\WSOCK32.dll
0x00007ff8bf4f0000 - 0x00007ff8bf514000 	C:\WINDOWS\SYSTEM32\WINMM.dll
0x00007ff8c5a10000 - 0x00007ff8c5a7f000 	C:\WINDOWS\System32\WS2_32.dll
0x00007ff8bf4c0000 - 0x00007ff8bf4ed000 	C:\WINDOWS\SYSTEM32\WINMMBASE.dll
0x00007ff8c3f80000 - 0x00007ff8c3fca000 	C:\WINDOWS\System32\cfgmgr32.dll
0x00007ff8c31e0000 - 0x00007ff8c31f1000 	C:\WINDOWS\System32\kernel.appcore.dll
0x00007ff8b09a0000 - 0x00007ff8b09b0000 	C:\Program Files\Java\jdk-13.0.1\bin\verify.dll
0x00007ff8c1de0000 - 0x00007ff8c1fd4000 	C:\WINDOWS\SYSTEM32\DBGHELP.DLL
0x00007ff8ae620000 - 0x00007ff8ae64a000 	C:\WINDOWS\SYSTEM32\dbgcore.DLL
0x00007ff894150000 - 0x00007ff894176000 	C:\Program Files\Java\jdk-13.0.1\bin\java.dll
0x00007ff8bf400000 - 0x00007ff8bf438000 	C:\Program Files\Java\jdk-13.0.1\bin\jdwp.dll
0x00007ff8bf460000 - 0x00007ff8bf46e000 	C:\Program Files\Java\jdk-13.0.1\bin\instrument.dll
0x00007ff89d500000 - 0x00007ff89d517000 	C:\Program Files\Java\jdk-13.0.1\bin\zip.dll
0x00007ff8ab6b0000 - 0x00007ff8ab6ba000 	C:\Program Files\Java\jdk-13.0.1\bin\jimage.dll
0x00007ff8c4740000 - 0x00007ff8c4e25000 	C:\WINDOWS\System32\SHELL32.dll
0x00007ff8c4e60000 - 0x00007ff8c4f09000 	C:\WINDOWS\System32\shcore.dll
0x00007ff8c3660000 - 0x00007ff8c3dde000 	C:\WINDOWS\System32\windows.storage.dll
0x00007ff8c3270000 - 0x00007ff8c328f000 	C:\WINDOWS\System32\profapi.dll
0x00007ff8c3220000 - 0x00007ff8c326a000 	C:\WINDOWS\System32\powrprof.dll
0x00007ff8c31d0000 - 0x00007ff8c31e0000 	C:\WINDOWS\System32\UMPDC.dll
0x00007ff8c5240000 - 0x00007ff8c5292000 	C:\WINDOWS\System32\shlwapi.dll
0x00007ff8c3330000 - 0x00007ff8c3347000 	C:\WINDOWS\System32\cryptsp.dll
0x00007ff8bf3f0000 - 0x00007ff8bf3fb000 	C:\Program Files\Java\jdk-13.0.1\bin\dt_socket.dll
0x00007ff8c2a40000 - 0x00007ff8c2aa7000 	C:\WINDOWS\system32\mswsock.dll
0x00007ff8c2790000 - 0x00007ff8c285a000 	C:\WINDOWS\SYSTEM32\DNSAPI.dll
0x00007ff8c5230000 - 0x00007ff8c5238000 	C:\WINDOWS\System32\NSI.dll
0x00007ff8c26f0000 - 0x00007ff8c272a000 	C:\WINDOWS\SYSTEM32\IPHLPAPI.DLL
0x00007ff8b5ba0000 - 0x00007ff8b5baa000 	C:\Windows\System32\rasadhlp.dll
0x00007ff8b8710000 - 0x00007ff8b8787000 	C:\WINDOWS\System32\fwpuclnt.dll
0x00007ff8c42d0000 - 0x00007ff8c42f6000 	C:\WINDOWS\System32\bcrypt.dll
0x00007ff89bcf0000 - 0x00007ff89bd09000 	C:\Program Files\Java\jdk-13.0.1\bin\net.dll
0x00007ff8b5790000 - 0x00007ff8b5880000 	C:\WINDOWS\SYSTEM32\WINHTTP.dll
0x00007ff89b650000 - 0x00007ff89b663000 	C:\Program Files\Java\jdk-13.0.1\bin\nio.dll

dbghelp: loaded successfully - version: 4.0.5 - missing functions: none
symbol engine: initialized successfully - sym options: 0x614 - pdb path: .;C:\Program Files\Java\jdk-13.0.1\bin;C:\WINDOWS\SYSTEM32;C:\WINDOWS\WinSxS\amd64_microsoft.windows.common-controls_6595b64144ccf1df_6.0.18362.476_none_e6c4b11b130f2595;C:\Program Files\Java\jdk-13.0.1\bin\server

VM Arguments:
jvm_args: -agentlib:jdwp=transport=dt_socket,suspend=y,address=localhost:53519 -javaagent:C:\Users\Cristian\eclipse\java-2019-09\eclipse\configuration\org.eclipse.osgi\229\0\.cp\lib\javaagent-shaded.jar -Dfile.encoding=Cp1252 
java_command: Restaurant1
java_class_path (initial): C:\Users\Cristian\Desktop\Cristian Villegas\JAVA\ExerciciRestaurant\FASE1\bin
Launcher Type: SUN_STANDARD

[Global flags]
     intx CICompilerCount                          = 3                                         {product} {ergonomic}
     uint ConcGCThreads                            = 1                                         {product} {ergonomic}
     uint G1ConcRefinementThreads                  = 4                                         {product} {ergonomic}
   size_t G1HeapRegionSize                         = 1048576                                   {product} {ergonomic}
    uintx GCDrainStackTargetSize                   = 64                                        {product} {ergonomic}
   size_t InitialHeapSize                          = 134217728                                 {product} {ergonomic}
   size_t MarkStackSize                            = 4194304                                   {product} {ergonomic}
   size_t MaxHeapSize                              = 2118123520                                {product} {ergonomic}
   size_t MaxNewSize                               = 1270874112                                {product} {ergonomic}
   size_t MinHeapDeltaBytes                        = 1048576                                   {product} {ergonomic}
   size_t MinHeapSize                              = 8388608                                   {product} {ergonomic}
    uintx NonNMethodCodeHeapSize                   = 5830732                                {pd product} {ergonomic}
    uintx NonProfiledCodeHeapSize                  = 122913754                              {pd product} {ergonomic}
    uintx ProfiledCodeHeapSize                     = 122913754                              {pd product} {ergonomic}
    uintx ReservedCodeCacheSize                    = 251658240                              {pd product} {ergonomic}
     bool SegmentedCodeCache                       = true                                      {product} {ergonomic}
   size_t SoftMaxHeapSize                          = 2118123520                             {manageable} {ergonomic}
     bool UseCompressedClassPointers               = true                                 {lp64_product} {ergonomic}
     bool UseCompressedOops                        = true                                 {lp64_product} {ergonomic}
     bool UseG1GC                                  = true                                      {product} {ergonomic}
     bool UseLargePagesIndividualAllocation        = false                                  {pd product} {ergonomic}

Logging:
Log output configuration:
 #0: stdout all=warning uptime,level,tags
 #1: stderr all=off uptime,level,tags

Environment Variables:
PATH=C:/Program Files/Java/jdk-13.0.1/bin/server;C:/Program Files/Java/jdk-13.0.1/bin;C:\Program Files (x86)\Common Files\Oracle\Java\javapath;C:\Program Files (x86)\Intel\iCLS Client\;C:\Program Files\Intel\iCLS Client\;C:\windows\system32;C:\windows;C:\windows\System32\Wbem;C:\windows\System32\WindowsPowerShell\v1.0\;C:\WINDOWS\system32;C:\WINDOWS;C:\WINDOWS\System32\Wbem;C:\WINDOWS\System32\WindowsPowerShell\v1.0\;C:\WINDOWS\System32\OpenSSH\;C:\Program Files\NVIDIA Corporation\NVIDIA NvDLISR;C:\Program Files\Intel\WiFi\bin\;C:\Program Files\Common Files\Intel\WirelessCommon\;C:\Program Files (x86)\Intel\Intel(R) Management Engine Components\DAL;C:\Program Files\Intel\Intel(R) Management Engine Components\DAL;C:\Program Files (x86)\Intel\Intel(R) Management Engine Components\IPT;C:\Program Files\Intel\Intel(R) Management Engine Components\IPT;C:\Program Files (x86)\NVIDIA Corporation\PhysX\Common;C:\WINDOWS\system32;C:\WINDOWS;C:\WINDOWS\System32\Wbem;C:\WINDOWS\System32\WindowsPowerShell\v1.0\;C:\WINDOWS\System32\OpenSSH\;C:\MinGW\bin;C:\Program Files\PuTTY\;C:\Program Files\Git\cmd;C:\Program Files\MySQL\MySQL Shell 8.0\bin\;C:\WINDOWS\System32;
USERNAME=Cristian
OS=Windows_NT
PROCESSOR_IDENTIFIER=Intel64 Family 6 Model 158 Stepping 9, GenuineIntel



---------------  S Y S T E M  ---------------

OS: Windows 10 , 64 bit Build 18362 (10.0.18362.329)

CPU:total 4 (initial active 4) (4 cores per cpu, 1 threads per core) family 6 model 158 stepping 9, cmov, cx8, fxsr, mmx, sse, sse2, sse3, ssse3, sse4.1, sse4.2, popcnt, avx, avx2, aes, clmul, erms, 3dnowpref, lzcnt, tsc, tscinvbit, bmi1, bmi2, adx, fma

Memory: 4k page, system-wide physical 8077M (3046M free)
TotalPageFile size 13865M (AvailPageFile size 1448M)
current process WorkingSet (physical memory assigned to process): 29M, peak: 41M
current process commit charge ("private bytes"): 207M, peak: 208M

vm_info: Java HotSpot(TM) 64-Bit Server VM (13.0.1+9) for windows-amd64 JRE (13.0.1+9), built on Oct  6 2019 12:37:49 by "mach5one" with unknown MS VC++:1916

END.
